<?xml version="1.0" encoding="UTF-8"?><testsuite errors="0" failures="0" name="com.bestbuy.crudtest.CategoriesCRUDTest" skipped="0" tests="4" time="4.71" timestamp="2020-06-08T23:58:16.098+01:00[Europe/London]"><testcase classname="com.bestbuy.crudtest.CategoriesCRUDTest" name="This test will create a new categories and verify its generated"/><testcase classname="com.bestbuy.crudtest.CategoriesCRUDTest" name="This test will get the categories information by ID"/><testcase classname="com.bestbuy.crudtest.CategoriesCRUDTest" name="This test will update the categories information and verify the updated information"/><testcase classname="com.bestbuy.crudtest.CategoriesCRUDTest" name="This test will delete the categories information and verify the categories is deleted "/></testsuite>